::1 - - [22/Mar/2016:20:29:07 +0000] "GET / HTTP/1.1" 304 - "-" "Mozilla/5.0 (Windows NT 10.0; WOW64) AppleWebKit/537.36 (KHTML, like Gecko) Chrome/49.0.2623.87 Safari/537.36"
::1 - - [22/Mar/2016:20:29:07 +0000] "GET /stylesheets/style.css HTTP/1.1" 304 - "http://localhost:3000/" "Mozilla/5.0 (Windows NT 10.0; WOW64) AppleWebKit/537.36 (KHTML, like Gecko) Chrome/49.0.2623.87 Safari/537.36"
::1 - - [23/Mar/2016:14:10:10 +0000] "GET / HTTP/1.1" 200 260 "-" "Mozilla/5.0 (Windows NT 10.0; WOW64) AppleWebKit/537.36 (KHTML, like Gecko) Chrome/49.0.2623.87 Safari/537.36"
::1 - - [23/Mar/2016:14:10:10 +0000] "GET /favicon.ico HTTP/1.1" 500 1313 "http://localhost:3000/" "Mozilla/5.0 (Windows NT 10.0; WOW64) AppleWebKit/537.36 (KHTML, like Gecko) Chrome/49.0.2623.87 Safari/537.36"
::1 - - [23/Mar/2016:14:10:22 +0000] "GET / HTTP/1.1" 304 - "-" "Mozilla/5.0 (Windows NT 10.0; WOW64) AppleWebKit/537.36 (KHTML, like Gecko) Chrome/49.0.2623.87 Safari/537.36"
::1 - - [23/Mar/2016:14:10:22 +0000] "GET /favicon.ico HTTP/1.1" 500 1313 "http://localhost:3000/" "Mozilla/5.0 (Windows NT 10.0; WOW64) AppleWebKit/537.36 (KHTML, like Gecko) Chrome/49.0.2623.87 Safari/537.36"
::1 - - [23/Mar/2016:14:10:29 +0000] "GET /services HTTP/1.1" 200 23 "-" "Mozilla/5.0 (Windows NT 10.0; WOW64) AppleWebKit/537.36 (KHTML, like Gecko) Chrome/49.0.2623.87 Safari/537.36"
::1 - - [23/Mar/2016:14:10:29 +0000] "GET /favicon.ico HTTP/1.1" 500 1313 "http://localhost:3000/services" "Mozilla/5.0 (Windows NT 10.0; WOW64) AppleWebKit/537.36 (KHTML, like Gecko) Chrome/49.0.2623.87 Safari/537.36"
::1 - - [23/Mar/2016:14:21:51 +0000] "GET / HTTP/1.1" 304 - "-" "Mozilla/5.0 (Windows NT 10.0; WOW64) AppleWebKit/537.36 (KHTML, like Gecko) Chrome/49.0.2623.87 Safari/537.36"
::1 - - [23/Mar/2016:14:21:52 +0000] "GET /favicon.ico HTTP/1.1" 500 1313 "http://localhost:3000/" "Mozilla/5.0 (Windows NT 10.0; WOW64) AppleWebKit/537.36 (KHTML, like Gecko) Chrome/49.0.2623.87 Safari/537.36"
::1 - - [23/Mar/2016:14:22:00 +0000] "GET /services HTTP/1.1" 500 1313 "-" "Mozilla/5.0 (Windows NT 10.0; WOW64) AppleWebKit/537.36 (KHTML, like Gecko) Chrome/49.0.2623.87 Safari/537.36"
::1 - - [23/Mar/2016:14:22:00 +0000] "GET /favicon.ico HTTP/1.1" 500 1313 "http://localhost:3000/services" "Mozilla/5.0 (Windows NT 10.0; WOW64) AppleWebKit/537.36 (KHTML, like Gecko) Chrome/49.0.2623.87 Safari/537.36"
::1 - - [23/Mar/2016:14:31:03 +0000] "GET / HTTP/1.1" 500 1313 "-" "Mozilla/5.0 (Windows NT 10.0; WOW64) AppleWebKit/537.36 (KHTML, like Gecko) Chrome/49.0.2623.87 Safari/537.36"
::1 - - [23/Mar/2016:14:31:03 +0000] "GET /favicon.ico HTTP/1.1" 500 1313 "http://localhost:3000/" "Mozilla/5.0 (Windows NT 10.0; WOW64) AppleWebKit/537.36 (KHTML, like Gecko) Chrome/49.0.2623.87 Safari/537.36"
::1 - - [23/Mar/2016:14:31:03 +0000] "GET / HTTP/1.1" 500 1313 "-" "Mozilla/5.0 (Windows NT 10.0; WOW64) AppleWebKit/537.36 (KHTML, like Gecko) Chrome/49.0.2623.87 Safari/537.36"
::1 - - [23/Mar/2016:14:31:03 +0000] "GET /favicon.ico HTTP/1.1" 500 1313 "http://localhost:3000/" "Mozilla/5.0 (Windows NT 10.0; WOW64) AppleWebKit/537.36 (KHTML, like Gecko) Chrome/49.0.2623.87 Safari/537.36"
::1 - - [23/Mar/2016:14:37:25 +0000] "GET / HTTP/1.1" 200 428 "-" "Mozilla/5.0 (Windows NT 10.0; WOW64) AppleWebKit/537.36 (KHTML, like Gecko) Chrome/49.0.2623.87 Safari/537.36"
::1 - - [23/Mar/2016:14:37:25 +0000] "GET /favicon.ico HTTP/1.1" 500 1313 "http://localhost:3000/" "Mozilla/5.0 (Windows NT 10.0; WOW64) AppleWebKit/537.36 (KHTML, like Gecko) Chrome/49.0.2623.87 Safari/537.36"
::1 - - [23/Mar/2016:14:39:21 +0000] "GET / HTTP/1.1" 304 - "-" "Mozilla/5.0 (Windows NT 10.0; WOW64) AppleWebKit/537.36 (KHTML, like Gecko) Chrome/49.0.2623.87 Safari/537.36"
::1 - - [23/Mar/2016:14:39:21 +0000] "GET /favicon.ico HTTP/1.1" 500 1313 "http://localhost:3000/" "Mozilla/5.0 (Windows NT 10.0; WOW64) AppleWebKit/537.36 (KHTML, like Gecko) Chrome/49.0.2623.87 Safari/537.36"
::1 - - [23/Mar/2016:14:40:11 +0000] "GET / HTTP/1.1" 304 - "-" "Mozilla/5.0 (Windows NT 10.0; WOW64) AppleWebKit/537.36 (KHTML, like Gecko) Chrome/49.0.2623.87 Safari/537.36"
::1 - - [23/Mar/2016:14:40:11 +0000] "GET /favicon.ico HTTP/1.1" 500 1313 "http://localhost:3000/" "Mozilla/5.0 (Windows NT 10.0; WOW64) AppleWebKit/537.36 (KHTML, like Gecko) Chrome/49.0.2623.87 Safari/537.36"
::1 - - [23/Mar/2016:14:40:55 +0000] "GET / HTTP/1.1" 200 428 "-" "Mozilla/5.0 (Windows NT 10.0; WOW64) AppleWebKit/537.36 (KHTML, like Gecko) Chrome/49.0.2623.87 Safari/537.36"
::1 - - [23/Mar/2016:14:40:55 +0000] "GET /favicon.ico HTTP/1.1" 500 1313 "http://localhost:3000/" "Mozilla/5.0 (Windows NT 10.0; WOW64) AppleWebKit/537.36 (KHTML, like Gecko) Chrome/49.0.2623.87 Safari/537.36"
::1 - - [23/Mar/2016:14:41:45 +0000] "GET /favicon.ico HTTP/1.1" 500 1313 "http://localhost:3000/" "Mozilla/5.0 (Windows NT 10.0; WOW64) AppleWebKit/537.36 (KHTML, like Gecko) Chrome/49.0.2623.87 Safari/537.36"
